This is pdfTeX, Version 3.1415926-2.5-1.40.14 (TeX Live 2013/Debian) (format=pdflatex 2014.1.11)  23 FEB 2014 16:42
entering extended mode
 restricted \write18 enabled.
 %&-line parsing enabled.
**diss.tex
(./diss.tex
LaTeX2e <2011/06/27>
Babel <3.9f> and hyphenation patterns for 78 languages loaded.
(/usr/share/texlive/texmf-dist/tex/latex/base/report.cls
Document Class: report 2007/10/19 v1.4h Standard LaTeX document class
(/usr/share/texlive/texmf-dist/tex/latex/base/size12.clo
File: size12.clo 2007/10/19 v1.4h Standard LaTeX file (size option)
)
\c@part=\count79
\c@chapter=\count80
\c@section=\count81
\c@subsection=\count82
\c@subsubsection=\count83
\c@paragraph=\count84
\c@subparagraph=\count85
\c@figure=\count86
\c@table=\count87
\abovecaptionskip=\skip41
\belowcaptionskip=\skip42
\bibindent=\dimen102
)
(/usr/share/texlive/texmf-dist/tex/latex/ntgclass/a4.sty
Package: a4 2004/04/15 v1.2g A4 based page layout
)
(/usr/share/texlive/texmf-dist/tex/latex/tools/verbatim.sty
Package: verbatim 2003/08/22 v1.5q LaTeX2e package for verbatim enhancements
\every@verbatim=\toks14
\verbatim@line=\toks15
\verbatim@in@stream=\read1
)
(/usr/share/texlive/texmf-dist/tex/generic/epsf/epsf.tex
This is `epsf.tex' v2.7.4 <14 February 2011>
\epsffilein=\read2
\epsfframemargin=\dimen103
\epsfframethickness=\dimen104
\epsfrsize=\dimen105
\epsftmp=\dimen106
\epsftsize=\dimen107
\epsfxsize=\dimen108
\epsfysize=\dimen109
\pspoints=\dimen110
) (./diss.aux)
\openout1 = `diss.aux'.

LaTeX Font Info:    Checking defaults for OML/cmm/m/it on input line 30.
LaTeX Font Info:    ... okay on input line 30.
LaTeX Font Info:    Checking defaults for T1/cmr/m/n on input line 30.
LaTeX Font Info:    ... okay on input line 30.
LaTeX Font Info:    Checking defaults for OT1/cmr/m/n on input line 30.
LaTeX Font Info:    ... okay on input line 30.
LaTeX Font Info:    Checking defaults for OMS/cmsy/m/n on input line 30.
LaTeX Font Info:    ... okay on input line 30.
LaTeX Font Info:    Checking defaults for OMX/cmex/m/n on input line 30.
LaTeX Font Info:    ... okay on input line 30.
LaTeX Font Info:    Checking defaults for U/cmr/m/n on input line 30.
LaTeX Font Info:    ... okay on input line 30.
 [1

{/var/lib/texmf/fonts/map/pdftex/updmap/pdftex.map}] [2

]
LaTeX Font Info:    External font `cmex10' loaded for size
(Font)              <14.4> on input line 67.
LaTeX Font Info:    External font `cmex10' loaded for size
(Font)              <7> on input line 67.
LaTeX Font Info:    External font `cmex10' loaded for size
(Font)              <5> on input line 80.

Overfull \hbox (10.57774pt too wide) in paragraph at lines 67--82
[]
 []

LaTeX Font Info:    External font `cmex10' loaded for size
(Font)              <12> on input line 88.
LaTeX Font Info:    External font `cmex10' loaded for size
(Font)              <8> on input line 88.
LaTeX Font Info:    External font `cmex10' loaded for size
(Font)              <6> on input line 88.
[1

] [2] [3] [4

] (./diss.toc [5

])
\tf@toc=\write3
\openout3 = `diss.toc'.

 [6] (./diss.lof)
\tf@lof=\write4
\openout4 = `diss.lof'.

 [7

]

LaTeX Warning: Citation `moore95' on page viii undefined on input line 136.

[8]
Chapter 1.
LaTeX Font Info:    Try loading font information for OMS+cmr on input line 156.

(/usr/share/texlive/texmf-dist/tex/latex/base/omscmr.fd
File: omscmr.fd 1999/05/25 v2.5h Standard LaTeX font definitions
)
LaTeX Font Info:    Font shape `OMS/cmr/m/n' in size <12> not available
(Font)              Font shape `OMS/cmsy/m/n' tried instead on input line 156.


LaTeX Warning: Citation `Lamport86' on page 1 undefined on input line 167.

[1


] [2] [3] [4

]
Chapter 2.
[5

] [6

]
Chapter 3.
[7

] [8] [9] [10]
Chapter 4.
[11


] [12]
Chapter 5.
[13


] [14

] (./diss.bbl

LaTeX Warning: Empty `thebibliography' environment on input line 3.

) [15

] [16

]
Appendix A.
File: diss.tex  (verbatim)
[17

]
Overfull \hbox (1606.84023pt too wide) in paragraph at lines 471--471
[]\OT1/cmtt/m/n/8 To write an OCaml framework for lightweight threading framewo
rk. This framework should be defined from basic semantics and have these semant
ics represented in a theorem prover setting for verification. The verification 
should include proofs of basic monadic laws. This theorem prover representation
 should be extracted to OCaml where the extracted code should be as faithful to
 the representation as possible. The extracted code should be able to run OCaml
 code concurrently.[] 
 []

[18] [19] [20] [21] [22] [23] [24]
No file proposal.tex.
No file propbody.tex.
[25] [26

]
Appendix B.
No file makefile.txt.
No file refs.bib.
[27

] [28

]
Appendix C.
(./partIIproposal.tex [29

] [30] [31] [32] [33]
Underfull \hbox (badness 10000) in paragraph at lines 108--110
[]\OT1/cmr/m/n/12 Async, Open source con-cur-rency li-brary by Jane Street
 []

) [34

] (./diss.aux)

LaTeX Warning: There were undefined references.

 ) 
Here is how much of TeX's memory you used:
 445 strings out of 493307
 5377 string characters out of 6139905
 59655 words of memory out of 5000000
 3939 multiletter control sequences out of 15000+600000
 11897 words of font info for 44 fonts, out of 8000000 for 9000
 957 hyphenation exceptions out of 8191
 24i,11n,19p,524b,306s stack positions out of 5000i,500n,10000p,200000b,80000s
</usr/share/texlive/texmf-dist/fonts/type1/public/amsfonts/cm/cmbx12.pfb></us
r/share/texlive/texmf-dist/fonts/type1/public/amsfonts/cm/cmmi12.pfb></usr/shar
e/texlive/texmf-dist/fonts/type1/public/amsfonts/cm/cmr10.pfb></usr/share/texli
ve/texmf-dist/fonts/type1/public/amsfonts/cm/cmr12.pfb></usr/share/texlive/texm
f-dist/fonts/type1/public/amsfonts/cm/cmr17.pfb></usr/share/texlive/texmf-dist/
fonts/type1/public/amsfonts/cm/cmr7.pfb></usr/share/texlive/texmf-dist/fonts/ty
pe1/public/amsfonts/cm/cmr8.pfb></usr/share/texlive/texmf-dist/fonts/type1/publ
ic/amsfonts/cm/cmsl12.pfb></usr/share/texlive/texmf-dist/fonts/type1/public/ams
fonts/cm/cmsy10.pfb></usr/share/texlive/texmf-dist/fonts/type1/public/amsfonts/
cm/cmti12.pfb></usr/share/texlive/texmf-dist/fonts/type1/public/amsfonts/cm/cmt
t10.pfb></usr/share/texlive/texmf-dist/fonts/type1/public/amsfonts/cm/cmtt12.pf
b></usr/share/texlive/texmf-dist/fonts/type1/public/amsfonts/cm/cmtt8.pfb></usr
/share/texlive/texmf-dist/fonts/type1/public/amsfonts/latxfont/lcircle1.pfb></u
sr/share/texlive/texmf-dist/fonts/type1/public/amsfonts/latxfont/line10.pfb>
Output written on diss.pdf (44 pages, 209956 bytes).
PDF statistics:
 208 PDF objects out of 1000 (max. 8388607)
 145 compressed objects within 2 object streams
 0 named destinations out of 1000 (max. 500000)
 1 words of extra memory for PDF output out of 10000 (max. 10000000)

